<?xml version="1.0" encoding="UTF-8"?>
<!-- Generated by org.testng.reporters.JUnitReportReporter -->
<testsuite hostname="latitude" failures="0" tests="6" name="outomation_test.demo_test" time="13.236" errors="0" timestamp="2025-01-03T19:16:58 EET" skipped="4">
  <testcase classname="outomation_test.demo_test" name="new_windo" time="12.929"/>
  <testcase classname="outomation_test.demo_test" name="alert" time="0.307"/>
  <testcase classname="outomation_test.demo_test" name="Dynamic_Dropdown_Example">
    <skipped/>
  </testcase> <!-- Dynamic_Dropdown_Example -->
  <testcase classname="outomation_test.demo_test" name="cheekbox">
    <skipped/>
  </testcase> <!-- cheekbox -->
  <testcase classname="outomation_test.demo_test" name="Static_Dropdown_Example">
    <skipped/>
  </testcase> <!-- Static_Dropdown_Example -->
  <testcase classname="outomation_test.demo_test" name="raiduo_test">
    <skipped/>
  </testcase> <!-- raiduo_test -->
</testsuite> <!-- outomation_test.demo_test -->
